# JRE version: Java(TM) SE Runtime Environment (8.0_111-b14) (build 1.8.0_111-b14)
# Java VM: Java HotSpot(TM) 64-Bit Server VM (25.111-b14 mixed mode windows-amd64 compressed oops)
Heap:
 PSYoungGen      total 267776K, used 49017K [0x00000000d6f00000, 0x00000000e8280000, 0x0000000100000000)
  eden space 254464K, 19% used [0x00000000d6f00000,0x00000000d9ede438,0x00000000e6780000)
  from space 13312K, 0% used [0x00000000e7580000,0x00000000e7580000,0x00000000e8280000)
  to   space 13824K, 0% used [0x00000000e6780000,0x00000000e6780000,0x00000000e7500000)
 ParOldGen       total 86016K, used 23310K [0x0000000084c00000, 0x000000008a000000, 0x00000000d6f00000)
  object space 86016K, 27% used [0x0000000084c00000,0x00000000862c3918,0x000000008a000000)
 Metaspace       used 59243K, capacity 63610K, committed 63872K, reserved 1103872K
  class space    used 8198K, capacity 9041K, committed 9088K, reserved 1048576K
GC Heap History (10 events):
Event: 2729.384 GC heap before
{Heap before GC invocations=33 (full 13):
 PSYoungGen      total 268800K, used 5400K [0x00000000d6f00000, 0x00000000e8480000, 0x0000000100000000)
  eden space 254464K, 0% used [0x00000000d6f00000,0x00000000d6f00000,0x00000000e6780000)
  from space 14336K, 37% used [0x00000000e7680000,0x00000000e7bc6308,0x00000000e8480000)
  to   space 14848K, 0% used [0x00000000e6780000,0x00000000e6780000,0x00000000e7600000)
 ParOldGen       total 86016K, used 22556K [0x0000000084c00000, 0x000000008a000000, 0x00000000d6f00000)
  object space 86016K, 26% used [0x0000000084c00000,0x0000000086207328,0x000000008a000000)
 Metaspace       used 58441K, capacity 62750K, committed 62976K, reserved 1103872K
  class space    used 8125K, capacity 8924K, committed 8960K, reserved 1048576K
Event: 2729.445 GC heap after
Heap after GC invocations=33 (full 13):
 PSYoungGen      total 268800K, used 0K [0x00000000d6f00000, 0x00000000e8480000, 0x0000000100000000)
  eden space 254464K, 0% used [0x00000000d6f00000,0x00000000d6f00000,0x00000000e6780000)
  from space 14336K, 0% used [0x00000000e7680000,0x00000000e7680000,0x00000000e8480000)
  to   space 14848K, 0% used [0x00000000e6780000,0x00000000e6780000,0x00000000e7600000)
 ParOldGen       total 86016K, used 22804K [0x0000000084c00000, 0x000000008a000000, 0x00000000d6f00000)
  object space 86016K, 26% used [0x0000000084c00000,0x0000000086245020,0x000000008a000000)
 Metaspace       used 58427K, capacity 62726K, committed 62976K, reserved 1103872K
  class space    used 8123K, capacity 8919K, committed 8960K, reserved 1048576K
}
Event: 2760.184 GC heap before
{Heap before GC invocations=34 (full 13):
 PSYoungGen      total 268800K, used 202761K [0x00000000d6f00000, 0x00000000e8480000, 0x0000000100000000)
  eden space 254464K, 79% used [0x00000000d6f00000,0x00000000e3502700,0x00000000e6780000)
  from space 14336K, 0% used [0x00000000e7680000,0x00000000e7680000,0x00000000e8480000)
  to   space 14848K, 0% used [0x00000000e6780000,0x00000000e6780000,0x00000000e7600000)
 ParOldGen       total 86016K, used 22804K [0x0000000084c00000, 0x000000008a000000, 0x00000000d6f00000)
  object space 86016K, 26% used [0x0000000084c00000,0x0000000086245020,0x000000008a000000)
 Metaspace       used 58810K, capacity 63132K, committed 63360K, reserved 1103872K
  class space    used 8156K, capacity 8965K, committed 9088K, reserved 1048576K
Event: 2760.189 GC heap after
Heap after GC invocations=34 (full 13):
 PSYoungGen      total 260096K, used 5480K [0x00000000d6f00000, 0x00000000e8380000, 0x0000000100000000)
  eden space 254464K, 0% used [0x00000000d6f00000,0x00000000d6f00000,0x00000000e6780000)
  from space 5632K, 97% used [0x00000000e6780000,0x00000000e6cda2f8,0x00000000e6d00000)
  to   space 14336K, 0% used [0x00000000e7580000,0x00000000e7580000,0x00000000e8380000)
 ParOldGen       total 86016K, used 22812K [0x0000000084c00000, 0x000000008a000000, 0x00000000d6f00000)
  object space 86016K, 26% used [0x0000000084c00000,0x0000000086247020,0x000000008a000000)
 Metaspace       used 58810K, capacity 63132K, committed 63360K, reserved 1103872K
  class space    used 8156K, capacity 8965K, committed 9088K, reserved 1048576K
}
Event: 2760.189 GC heap before
{Heap before GC invocations=35 (full 14):
 PSYoungGen      total 260096K, used 5480K [0x00000000d6f00000, 0x00000000e8380000, 0x0000000100000000)
  eden space 254464K, 0% used [0x00000000d6f00000,0x00000000d6f00000,0x00000000e6780000)
  from space 5632K, 97% used [0x00000000e6780000,0x00000000e6cda2f8,0x00000000e6d00000)
  to   space 14336K, 0% used [0x00000000e7580000,0x00000000e7580000,0x00000000e8380000)
 ParOldGen       total 86016K, used 22812K [0x0000000084c00000, 0x000000008a000000, 0x00000000d6f00000)
  object space 86016K, 26% used [0x0000000084c00000,0x0000000086247020,0x000000008a000000)
 Metaspace       used 58810K, capacity 63132K, committed 63360K, reserved 1103872K
  class space    used 8156K, capacity 8965K, committed 9088K, reserved 1048576K
Event: 2760.278 GC heap after
Heap after GC invocations=35 (full 14):
 PSYoungGen      total 260096K, used 0K [0x00000000d6f00000, 0x00000000e8380000, 0x0000000100000000)
  eden space 254464K, 0% used [0x00000000d6f00000,0x00000000d6f00000,0x00000000e6780000)
  from space 5632K, 0% used [0x00000000e6780000,0x00000000e6780000,0x00000000e6d00000)
  to   space 14336K, 0% used [0x00000000e7580000,0x00000000e7580000,0x00000000e8380000)
 ParOldGen       total 86016K, used 23056K [0x0000000084c00000, 0x000000008a000000, 0x00000000d6f00000)
  object space 86016K, 26% used [0x0000000084c00000,0x0000000086284190,0x000000008a000000)
 Metaspace       used 58796K, capacity 63108K, committed 63360K, reserved 1103872K
  class space    used 8154K, capacity 8960K, committed 9088K, reserved 1048576K
}
Event: 2849.374 GC heap before
{Heap before GC invocations=36 (full 14):
 PSYoungGen      total 260096K, used 206583K [0x00000000d6f00000, 0x00000000e8380000, 0x0000000100000000)
  eden space 254464K, 81% used [0x00000000d6f00000,0x00000000e38bdc90,0x00000000e6780000)
  from space 5632K, 0% used [0x00000000e6780000,0x00000000e6780000,0x00000000e6d00000)
  to   space 14336K, 0% used [0x00000000e7580000,0x00000000e7580000,0x00000000e8380000)
 ParOldGen       total 86016K, used 23056K [0x0000000084c00000, 0x000000008a000000, 0x00000000d6f00000)
  object space 86016K, 26% used [0x0000000084c00000,0x0000000086284190,0x000000008a000000)
 Metaspace       used 59177K, capacity 63514K, committed 63616K, reserved 1103872K
  class space    used 8187K, capacity 9006K, committed 9088K, reserved 1048576K
Event: 2849.378 GC heap after
Heap after GC invocations=36 (full 14):
 PSYoungGen      total 267776K, used 5416K [0x00000000d6f00000, 0x00000000e8280000, 0x0000000100000000)
  eden space 254464K, 0% used [0x00000000d6f00000,0x00000000d6f00000,0x00000000e6780000)
  from space 13312K, 40% used [0x00000000e7580000,0x00000000e7aca318,0x00000000e8280000)
  to   space 13824K, 0% used [0x00000000e6780000,0x00000000e6780000,0x00000000e7500000)
 ParOldGen       total 86016K, used 23064K [0x0000000084c00000, 0x000000008a000000, 0x00000000d6f00000)
  object space 86016K, 26% used [0x0000000084c00000,0x0000000086286190,0x000000008a000000)
 Metaspace       used 59177K, capacity 63514K, committed 63616K, reserved 1103872K
  class space    used 8187K, capacity 9006K, committed 9088K, reserved 1048576K
}
Event: 2849.378 GC heap before
{Heap before GC invocations=37 (full 15):
 PSYoungGen      total 267776K, used 5416K [0x00000000d6f00000, 0x00000000e8280000, 0x0000000100000000)
  eden space 254464K, 0% used [0x00000000d6f00000,0x00000000d6f00000,0x00000000e6780000)
  from space 13312K, 40% used [0x00000000e7580000,0x00000000e7aca318,0x00000000e8280000)
  to   space 13824K, 0% used [0x00000000e6780000,0x00000000e6780000,0x00000000e7500000)
 ParOldGen       total 86016K, used 23064K [0x0000000084c00000, 0x000000008a000000, 0x00000000d6f00000)
  object space 86016K, 26% used [0x0000000084c00000,0x0000000086286190,0x000000008a000000)
 Metaspace       used 59177K, capacity 63514K, committed 63616K, reserved 1103872K
  class space    used 8187K, capacity 9006K, committed 9088K, reserved 1048576K
Event: 2849.449 GC heap after
Heap after GC invocations=37 (full 15):
 PSYoungGen      total 267776K, used 0K [0x00000000d6f00000, 0x00000000e8280000, 0x0000000100000000)
  eden space 254464K, 0% used [0x00000000d6f00000,0x00000000d6f00000,0x00000000e6780000)
  from space 13312K, 0% used [0x00000000e7580000,0x00000000e7580000,0x00000000e8280000)
  to   space 13824K, 0% used [0x00000000e6780000,0x00000000e6780000,0x00000000e7500000)
 ParOldGen       total 86016K, used 23310K [0x0000000084c00000, 0x000000008a000000, 0x00000000d6f00000)
  object space 86016K, 27% used [0x0000000084c00000,0x00000000862c3918,0x000000008a000000)
 Metaspace       used 59163K, capacity 63490K, committed 63616K, reserved 1103872K
  class space    used 8185K, capacity 9001K, committed 9088K, reserved 1048576K
}

